{
    "/home/user/projects/DocumentIntelligenceService/srv/DI_service.js": {
        "path": "/home/user/projects/DocumentIntelligenceService/srv/DI_service.js",
        "statementMap": {
            "0": {
                "start": {
                    "line": 1,
                    "column": 12
                },
                "end": {
                    "line": 1,
                    "column": 31
                }
            },
            "1": {
                "start": {
                    "line": 2,
                    "column": 17
                },
                "end": {
                    "line": 2,
                    "column": 54
                }
            },
            "2": {
                "start": {
                    "line": 3,
                    "column": 31
                },
                "end": {
                    "line": 3,
                    "column": 63
                }
            },
            "3": {
                "start": {
                    "line": 4,
                    "column": 17
                },
                "end": {
                    "line": 4,
                    "column": 37
                }
            },
            "4": {
                "start": {
                    "line": 5,
                    "column": 31
                },
                "end": {
                    "line": 5,
                    "column": 68
                }
            },
            "5": {
                "start": {
                    "line": 7,
                    "column": 0
                },
                "end": {
                    "line": 328,
                    "column": 3
                }
            },
            "6": {
                "start": {
                    "line": 8,
                    "column": 65
                },
                "end": {
                    "line": 8,
                    "column": 78
                }
            },
            "7": {
                "start": {
                    "line": 9,
                    "column": 2
                },
                "end": {
                    "line": 18,
                    "column": 5
                }
            },
            "8": {
                "start": {
                    "line": 10,
                    "column": 19
                },
                "end": {
                    "line": 10,
                    "column": 27
                }
            },
            "9": {
                "start": {
                    "line": 11,
                    "column": 20
                },
                "end": {
                    "line": 16,
                    "column": 7
                }
            },
            "10": {
                "start": {
                    "line": 17,
                    "column": 4
                },
                "end": {
                    "line": 17,
                    "column": 27
                }
            },
            "11": {
                "start": {
                    "line": 19,
                    "column": 2
                },
                "end": {
                    "line": 60,
                    "column": 5
                }
            },
            "12": {
                "start": {
                    "line": 20,
                    "column": 4
                },
                "end": {
                    "line": 58,
                    "column": 5
                }
            },
            "13": {
                "start": {
                    "line": 21,
                    "column": 22
                },
                "end": {
                    "line": 21,
                    "column": 34
                }
            },
            "14": {
                "start": {
                    "line": 22,
                    "column": 6
                },
                "end": {
                    "line": 22,
                    "column": 27
                }
            },
            "15": {
                "start": {
                    "line": 22,
                    "column": 20
                },
                "end": {
                    "line": 22,
                    "column": 27
                }
            },
            "16": {
                "start": {
                    "line": 23,
                    "column": 22
                },
                "end": {
                    "line": 26,
                    "column": 7
                }
            },
            "17": {
                "start": {
                    "line": 27,
                    "column": 6
                },
                "end": {
                    "line": 27,
                    "column": 26
                }
            },
            "18": {
                "start": {
                    "line": 28,
                    "column": 6
                },
                "end": {
                    "line": 28,
                    "column": 26
                }
            },
            "19": {
                "start": {
                    "line": 29,
                    "column": 29
                },
                "end": {
                    "line": 29,
                    "column": 31
                }
            },
            "20": {
                "start": {
                    "line": 30,
                    "column": 21
                },
                "end": {
                    "line": 36,
                    "column": 7
                }
            },
            "21": {
                "start": {
                    "line": 38,
                    "column": 6
                },
                "end": {
                    "line": 46,
                    "column": 9
                }
            },
            "22": {
                "start": {
                    "line": 39,
                    "column": 8
                },
                "end": {
                    "line": 45,
                    "column": 9
                }
            },
            "23": {
                "start": {
                    "line": 40,
                    "column": 10
                },
                "end": {
                    "line": 44,
                    "column": 13
                }
            },
            "24": {
                "start": {
                    "line": 47,
                    "column": 6
                },
                "end": {
                    "line": 52,
                    "column": 7
                }
            },
            "25": {
                "start": {
                    "line": 48,
                    "column": 8
                },
                "end": {
                    "line": 51,
                    "column": 11
                }
            },
            "26": {
                "start": {
                    "line": 54,
                    "column": 6
                },
                "end": {
                    "line": 54,
                    "column": 56
                }
            },
            "27": {
                "start": {
                    "line": 55,
                    "column": 6
                },
                "end": {
                    "line": 57,
                    "column": 9
                }
            },
            "28": {
                "start": {
                    "line": 61,
                    "column": 2
                },
                "end": {
                    "line": 67,
                    "column": 5
                }
            },
            "29": {
                "start": {
                    "line": 62,
                    "column": 19
                },
                "end": {
                    "line": 62,
                    "column": 27
                }
            },
            "30": {
                "start": {
                    "line": 63,
                    "column": 4
                },
                "end": {
                    "line": 63,
                    "column": 20
                }
            },
            "31": {
                "start": {
                    "line": 63,
                    "column": 13
                },
                "end": {
                    "line": 63,
                    "column": 20
                }
            },
            "32": {
                "start": {
                    "line": 64,
                    "column": 20
                },
                "end": {
                    "line": 64,
                    "column": 66
                }
            },
            "33": {
                "start": {
                    "line": 65,
                    "column": 4
                },
                "end": {
                    "line": 65,
                    "column": 37
                }
            },
            "34": {
                "start": {
                    "line": 66,
                    "column": 4
                },
                "end": {
                    "line": 66,
                    "column": 27
                }
            },
            "35": {
                "start": {
                    "line": 68,
                    "column": 2
                },
                "end": {
                    "line": 112,
                    "column": 5
                }
            },
            "36": {
                "start": {
                    "line": 69,
                    "column": 4
                },
                "end": {
                    "line": 110,
                    "column": 5
                }
            },
            "37": {
                "start": {
                    "line": 70,
                    "column": 22
                },
                "end": {
                    "line": 70,
                    "column": 34
                }
            },
            "38": {
                "start": {
                    "line": 71,
                    "column": 6
                },
                "end": {
                    "line": 71,
                    "column": 27
                }
            },
            "39": {
                "start": {
                    "line": 71,
                    "column": 20
                },
                "end": {
                    "line": 71,
                    "column": 27
                }
            },
            "40": {
                "start": {
                    "line": 72,
                    "column": 22
                },
                "end": {
                    "line": 75,
                    "column": 7
                }
            },
            "41": {
                "start": {
                    "line": 76,
                    "column": 30
                },
                "end": {
                    "line": 76,
                    "column": 32
                }
            },
            "42": {
                "start": {
                    "line": 77,
                    "column": 6
                },
                "end": {
                    "line": 86,
                    "column": 9
                }
            },
            "43": {
                "start": {
                    "line": 78,
                    "column": 8
                },
                "end": {
                    "line": 85,
                    "column": 9
                }
            },
            "44": {
                "start": {
                    "line": 79,
                    "column": 10
                },
                "end": {
                    "line": 84,
                    "column": 13
                }
            },
            "45": {
                "start": {
                    "line": 88,
                    "column": 6
                },
                "end": {
                    "line": 88,
                    "column": 47
                }
            },
            "46": {
                "start": {
                    "line": 88,
                    "column": 40
                },
                "end": {
                    "line": 88,
                    "column": 47
                }
            },
            "47": {
                "start": {
                    "line": 89,
                    "column": 22
                },
                "end": {
                    "line": 90,
                    "column": 42
                }
            },
            "48": {
                "start": {
                    "line": 92,
                    "column": 6
                },
                "end": {
                    "line": 95,
                    "column": 9
                }
            },
            "49": {
                "start": {
                    "line": 98,
                    "column": 6
                },
                "end": {
                    "line": 98,
                    "column": 57
                }
            },
            "50": {
                "start": {
                    "line": 99,
                    "column": 23
                },
                "end": {
                    "line": 99,
                    "column": 27
                }
            },
            "51": {
                "start": {
                    "line": 100,
                    "column": 6
                },
                "end": {
                    "line": 104,
                    "column": 7
                }
            },
            "52": {
                "start": {
                    "line": 101,
                    "column": 24
                },
                "end": {
                    "line": 102,
                    "column": 41
                }
            },
            "53": {
                "start": {
                    "line": 103,
                    "column": 8
                },
                "end": {
                    "line": 103,
                    "column": 42
                }
            },
            "54": {
                "start": {
                    "line": 105,
                    "column": 6
                },
                "end": {
                    "line": 109,
                    "column": 7
                }
            },
            "55": {
                "start": {
                    "line": 106,
                    "column": 8
                },
                "end": {
                    "line": 108,
                    "column": 11
                }
            },
            "56": {
                "start": {
                    "line": 113,
                    "column": 2
                },
                "end": {
                    "line": 186,
                    "column": 5
                }
            },
            "57": {
                "start": {
                    "line": 114,
                    "column": 4
                },
                "end": {
                    "line": 185,
                    "column": 5
                }
            },
            "58": {
                "start": {
                    "line": 115,
                    "column": 36
                },
                "end": {
                    "line": 115,
                    "column": 44
                }
            },
            "59": {
                "start": {
                    "line": 116,
                    "column": 6
                },
                "end": {
                    "line": 118,
                    "column": 7
                }
            },
            "60": {
                "start": {
                    "line": 117,
                    "column": 8
                },
                "end": {
                    "line": 117,
                    "column": 66
                }
            },
            "61": {
                "start": {
                    "line": 119,
                    "column": 21
                },
                "end": {
                    "line": 119,
                    "column": 51
                }
            },
            "62": {
                "start": {
                    "line": 121,
                    "column": 6
                },
                "end": {
                    "line": 127,
                    "column": 7
                }
            },
            "63": {
                "start": {
                    "line": 122,
                    "column": 21
                },
                "end": {
                    "line": 122,
                    "column": 43
                }
            },
            "64": {
                "start": {
                    "line": 123,
                    "column": 8
                },
                "end": {
                    "line": 123,
                    "column": 40
                }
            },
            "65": {
                "start": {
                    "line": 125,
                    "column": 8
                },
                "end": {
                    "line": 125,
                    "column": 67
                }
            },
            "66": {
                "start": {
                    "line": 126,
                    "column": 8
                },
                "end": {
                    "line": 126,
                    "column": 70
                }
            },
            "67": {
                "start": {
                    "line": 128,
                    "column": 17
                },
                "end": {
                    "line": 128,
                    "column": 33
                }
            },
            "68": {
                "start": {
                    "line": 129,
                    "column": 6
                },
                "end": {
                    "line": 136,
                    "column": 9
                }
            },
            "69": {
                "start": {
                    "line": 137,
                    "column": 19
                },
                "end": {
                    "line": 137,
                    "column": 33
                }
            },
            "70": {
                "start": {
                    "line": 138,
                    "column": 6
                },
                "end": {
                    "line": 141,
                    "column": 9
                }
            },
            "71": {
                "start": {
                    "line": 143,
                    "column": 6
                },
                "end": {
                    "line": 146,
                    "column": 10
                }
            },
            "72": {
                "start": {
                    "line": 149,
                    "column": 6
                },
                "end": {
                    "line": 162,
                    "column": 7
                }
            },
            "73": {
                "start": {
                    "line": 150,
                    "column": 8
                },
                "end": {
                    "line": 158,
                    "column": 10
                }
            },
            "74": {
                "start": {
                    "line": 160,
                    "column": 8
                },
                "end": {
                    "line": 160,
                    "column": 62
                }
            },
            "75": {
                "start": {
                    "line": 161,
                    "column": 8
                },
                "end": {
                    "line": 161,
                    "column": 59
                }
            },
            "76": {
                "start": {
                    "line": 163,
                    "column": 6
                },
                "end": {
                    "line": 163,
                    "column": 61
                }
            },
            "77": {
                "start": {
                    "line": 164,
                    "column": 20
                },
                "end": {
                    "line": 164,
                    "column": 44
                }
            },
            "78": {
                "start": {
                    "line": 166,
                    "column": 6
                },
                "end": {
                    "line": 169,
                    "column": 7
                }
            },
            "79": {
                "start": {
                    "line": 167,
                    "column": 8
                },
                "end": {
                    "line": 167,
                    "column": 62
                }
            },
            "80": {
                "start": {
                    "line": 168,
                    "column": 8
                },
                "end": {
                    "line": 168,
                    "column": 67
                }
            },
            "81": {
                "start": {
                    "line": 170,
                    "column": 6
                },
                "end": {
                    "line": 170,
                    "column": 41
                }
            },
            "82": {
                "start": {
                    "line": 171,
                    "column": 6
                },
                "end": {
                    "line": 173,
                    "column": 23
                }
            },
            "83": {
                "start": {
                    "line": 174,
                    "column": 6
                },
                "end": {
                    "line": 177,
                    "column": 9
                }
            },
            "84": {
                "start": {
                    "line": 178,
                    "column": 6
                },
                "end": {
                    "line": 178,
                    "column": 60
                }
            },
            "85": {
                "start": {
                    "line": 180,
                    "column": 6
                },
                "end": {
                    "line": 182,
                    "column": 23
                }
            },
            "86": {
                "start": {
                    "line": 183,
                    "column": 6
                },
                "end": {
                    "line": 183,
                    "column": 60
                }
            },
            "87": {
                "start": {
                    "line": 184,
                    "column": 6
                },
                "end": {
                    "line": 184,
                    "column": 54
                }
            },
            "88": {
                "start": {
                    "line": 188,
                    "column": 2
                },
                "end": {
                    "line": 285,
                    "column": 5
                }
            },
            "89": {
                "start": {
                    "line": 189,
                    "column": 27
                },
                "end": {
                    "line": 189,
                    "column": 35
                }
            },
            "90": {
                "start": {
                    "line": 190,
                    "column": 16
                },
                "end": {
                    "line": 190,
                    "column": 74
                }
            },
            "91": {
                "start": {
                    "line": 191,
                    "column": 4
                },
                "end": {
                    "line": 191,
                    "column": 58
                }
            },
            "92": {
                "start": {
                    "line": 191,
                    "column": 14
                },
                "end": {
                    "line": 191,
                    "column": 58
                }
            },
            "93": {
                "start": {
                    "line": 192,
                    "column": 4
                },
                "end": {
                    "line": 194,
                    "column": 5
                }
            },
            "94": {
                "start": {
                    "line": 193,
                    "column": 6
                },
                "end": {
                    "line": 193,
                    "column": 64
                }
            },
            "95": {
                "start": {
                    "line": 195,
                    "column": 4
                },
                "end": {
                    "line": 197,
                    "column": 7
                }
            },
            "96": {
                "start": {
                    "line": 198,
                    "column": 18
                },
                "end": {
                    "line": 198,
                    "column": 65
                }
            },
            "97": {
                "start": {
                    "line": 198,
                    "column": 26
                },
                "end": {
                    "line": 198,
                    "column": 65
                }
            },
            "98": {
                "start": {
                    "line": 198,
                    "column": 45
                },
                "end": {
                    "line": 198,
                    "column": 64
                }
            },
            "99": {
                "start": {
                    "line": 199,
                    "column": 4
                },
                "end": {
                    "line": 283,
                    "column": 5
                }
            },
            "100": {
                "start": {
                    "line": 200,
                    "column": 6
                },
                "end": {
                    "line": 276,
                    "column": 7
                }
            },
            "101": {
                "start": {
                    "line": 200,
                    "column": 19
                },
                "end": {
                    "line": 200,
                    "column": 20
                }
            },
            "102": {
                "start": {
                    "line": 202,
                    "column": 20
                },
                "end": {
                    "line": 205,
                    "column": 9
                }
            },
            "103": {
                "start": {
                    "line": 207,
                    "column": 23
                },
                "end": {
                    "line": 207,
                    "column": 31
                }
            },
            "104": {
                "start": {
                    "line": 214,
                    "column": 8
                },
                "end": {
                    "line": 265,
                    "column": 9
                }
            },
            "105": {
                "start": {
                    "line": 216,
                    "column": 29
                },
                "end": {
                    "line": 216,
                    "column": 46
                }
            },
            "106": {
                "start": {
                    "line": 218,
                    "column": 10
                },
                "end": {
                    "line": 224,
                    "column": 11
                }
            },
            "107": {
                "start": {
                    "line": 219,
                    "column": 12
                },
                "end": {
                    "line": 221,
                    "column": 41
                }
            },
            "108": {
                "start": {
                    "line": 222,
                    "column": 12
                },
                "end": {
                    "line": 222,
                    "column": 76
                }
            },
            "109": {
                "start": {
                    "line": 223,
                    "column": 12
                },
                "end": {
                    "line": 223,
                    "column": 56
                }
            },
            "110": {
                "start": {
                    "line": 226,
                    "column": 25
                },
                "end": {
                    "line": 226,
                    "column": 65
                }
            },
            "111": {
                "start": {
                    "line": 227,
                    "column": 28
                },
                "end": {
                    "line": 227,
                    "column": 62
                }
            },
            "112": {
                "start": {
                    "line": 229,
                    "column": 28
                },
                "end": {
                    "line": 229,
                    "column": 44
                }
            },
            "113": {
                "start": {
                    "line": 231,
                    "column": 10
                },
                "end": {
                    "line": 240,
                    "column": 13
                }
            },
            "114": {
                "start": {
                    "line": 242,
                    "column": 10
                },
                "end": {
                    "line": 250,
                    "column": 12
                }
            },
            "115": {
                "start": {
                    "line": 243,
                    "column": 32
                },
                "end": {
                    "line": 249,
                    "column": 13
                }
            },
            "116": {
                "start": {
                    "line": 251,
                    "column": 10
                },
                "end": {
                    "line": 254,
                    "column": 13
                }
            },
            "117": {
                "start": {
                    "line": 255,
                    "column": 10
                },
                "end": {
                    "line": 257,
                    "column": 39
                }
            },
            "118": {
                "start": {
                    "line": 259,
                    "column": 10
                },
                "end": {
                    "line": 262,
                    "column": 13
                }
            },
            "119": {
                "start": {
                    "line": 264,
                    "column": 10
                },
                "end": {
                    "line": 264,
                    "column": 83
                }
            },
            "120": {
                "start": {
                    "line": 267,
                    "column": 8
                },
                "end": {
                    "line": 273,
                    "column": 9
                }
            },
            "121": {
                "start": {
                    "line": 268,
                    "column": 10
                },
                "end": {
                    "line": 270,
                    "column": 39
                }
            },
            "122": {
                "start": {
                    "line": 271,
                    "column": 10
                },
                "end": {
                    "line": 271,
                    "column": 68
                }
            },
            "123": {
                "start": {
                    "line": 272,
                    "column": 10
                },
                "end": {
                    "line": 272,
                    "column": 44
                }
            },
            "124": {
                "start": {
                    "line": 275,
                    "column": 8
                },
                "end": {
                    "line": 275,
                    "column": 26
                }
            },
            "125": {
                "start": {
                    "line": 278,
                    "column": 6
                },
                "end": {
                    "line": 278,
                    "column": 61
                }
            },
            "126": {
                "start": {
                    "line": 279,
                    "column": 6
                },
                "end": {
                    "line": 279,
                    "column": 45
                }
            },
            "127": {
                "start": {
                    "line": 281,
                    "column": 6
                },
                "end": {
                    "line": 281,
                    "column": 70
                }
            },
            "128": {
                "start": {
                    "line": 282,
                    "column": 6
                },
                "end": {
                    "line": 282,
                    "column": 43
                }
            },
            "129": {
                "start": {
                    "line": 287,
                    "column": 4
                },
                "end": {
                    "line": 299,
                    "column": 5
                }
            },
            "130": {
                "start": {
                    "line": 288,
                    "column": 6
                },
                "end": {
                    "line": 296,
                    "column": 9
                }
            },
            "131": {
                "start": {
                    "line": 298,
                    "column": 6
                },
                "end": {
                    "line": 298,
                    "column": 45
                }
            },
            "132": {
                "start": {
                    "line": 302,
                    "column": 16
                },
                "end": {
                    "line": 302,
                    "column": 18
                }
            },
            "133": {
                "start": {
                    "line": 303,
                    "column": 26
                },
                "end": {
                    "line": 303,
                    "column": 27
                }
            },
            "134": {
                "start": {
                    "line": 305,
                    "column": 4
                },
                "end": {
                    "line": 308,
                    "column": 5
                }
            },
            "135": {
                "start": {
                    "line": 306,
                    "column": 6
                },
                "end": {
                    "line": 306,
                    "column": 36
                }
            },
            "136": {
                "start": {
                    "line": 307,
                    "column": 6
                },
                "end": {
                    "line": 307,
                    "column": 47
                }
            },
            "137": {
                "start": {
                    "line": 310,
                    "column": 4
                },
                "end": {
                    "line": 312,
                    "column": 10
                }
            },
            "138": {
                "start": {
                    "line": 314,
                    "column": 4
                },
                "end": {
                    "line": 314,
                    "column": 15
                }
            },
            "139": {
                "start": {
                    "line": 317,
                    "column": 4
                },
                "end": {
                    "line": 325,
                    "column": 7
                }
            },
            "140": {
                "start": {
                    "line": 318,
                    "column": 18
                },
                "end": {
                    "line": 318,
                    "column": 20
                }
            },
            "141": {
                "start": {
                    "line": 320,
                    "column": 6
                },
                "end": {
                    "line": 322,
                    "column": 7
                }
            },
            "142": {
                "start": {
                    "line": 321,
                    "column": 8
                },
                "end": {
                    "line": 321,
                    "column": 38
                }
            },
            "143": {
                "start": {
                    "line": 324,
                    "column": 6
                },
                "end": {
                    "line": 324,
                    "column": 17
                }
            }
        },
        "fnMap": {
            "0": {
                "name": "(anonymous_0)",
                "decl": {
                    "start": {
                        "line": 7,
                        "column": 34
                    },
                    "end": {
                        "line": 7,
                        "column": 35
                    }
                },
                "loc": {
                    "start": {
                        "line": 7,
                        "column": 46
                    },
                    "end": {
                        "line": 328,
                        "column": 1
                    }
                },
                "line": 7
            },
            "1": {
                "name": "(anonymous_1)",
                "decl": {
                    "start": {
                        "line": 9,
                        "column": 45
                    },
                    "end": {
                        "line": 9,
                        "column": 46
                    }
                },
                "loc": {
                    "start": {
                        "line": 9,
                        "column": 60
                    },
                    "end": {
                        "line": 18,
                        "column": 3
                    }
                },
                "line": 9
            },
            "2": {
                "name": "(anonymous_2)",
                "decl": {
                    "start": {
                        "line": 19,
                        "column": 44
                    },
                    "end": {
                        "line": 19,
                        "column": 45
                    }
                },
                "loc": {
                    "start": {
                        "line": 19,
                        "column": 65
                    },
                    "end": {
                        "line": 60,
                        "column": 3
                    }
                },
                "line": 19
            },
            "3": {
                "name": "(anonymous_3)",
                "decl": {
                    "start": {
                        "line": 38,
                        "column": 21
                    },
                    "end": {
                        "line": 38,
                        "column": 22
                    }
                },
                "loc": {
                    "start": {
                        "line": 38,
                        "column": 30
                    },
                    "end": {
                        "line": 46,
                        "column": 7
                    }
                },
                "line": 38
            },
            "4": {
                "name": "(anonymous_4)",
                "decl": {
                    "start": {
                        "line": 61,
                        "column": 37
                    },
                    "end": {
                        "line": 61,
                        "column": 38
                    }
                },
                "loc": {
                    "start": {
                        "line": 61,
                        "column": 52
                    },
                    "end": {
                        "line": 67,
                        "column": 3
                    }
                },
                "line": 61
            },
            "5": {
                "name": "(anonymous_5)",
                "decl": {
                    "start": {
                        "line": 68,
                        "column": 36
                    },
                    "end": {
                        "line": 68,
                        "column": 37
                    }
                },
                "loc": {
                    "start": {
                        "line": 68,
                        "column": 57
                    },
                    "end": {
                        "line": 112,
                        "column": 3
                    }
                },
                "line": 68
            },
            "6": {
                "name": "(anonymous_6)",
                "decl": {
                    "start": {
                        "line": 77,
                        "column": 68
                    },
                    "end": {
                        "line": 77,
                        "column": 69
                    }
                },
                "loc": {
                    "start": {
                        "line": 77,
                        "column": 77
                    },
                    "end": {
                        "line": 86,
                        "column": 7
                    }
                },
                "line": 77
            },
            "7": {
                "name": "(anonymous_7)",
                "decl": {
                    "start": {
                        "line": 113,
                        "column": 28
                    },
                    "end": {
                        "line": 113,
                        "column": 29
                    }
                },
                "loc": {
                    "start": {
                        "line": 113,
                        "column": 43
                    },
                    "end": {
                        "line": 186,
                        "column": 3
                    }
                },
                "line": 113
            },
            "8": {
                "name": "(anonymous_8)",
                "decl": {
                    "start": {
                        "line": 188,
                        "column": 29
                    },
                    "end": {
                        "line": 188,
                        "column": 30
                    }
                },
                "loc": {
                    "start": {
                        "line": 188,
                        "column": 44
                    },
                    "end": {
                        "line": 285,
                        "column": 3
                    }
                },
                "line": 188
            },
            "9": {
                "name": "(anonymous_9)",
                "decl": {
                    "start": {
                        "line": 198,
                        "column": 18
                    },
                    "end": {
                        "line": 198,
                        "column": 19
                    }
                },
                "loc": {
                    "start": {
                        "line": 198,
                        "column": 26
                    },
                    "end": {
                        "line": 198,
                        "column": 65
                    }
                },
                "line": 198
            },
            "10": {
                "name": "(anonymous_10)",
                "decl": {
                    "start": {
                        "line": 198,
                        "column": 38
                    },
                    "end": {
                        "line": 198,
                        "column": 39
                    }
                },
                "loc": {
                    "start": {
                        "line": 198,
                        "column": 45
                    },
                    "end": {
                        "line": 198,
                        "column": 64
                    }
                },
                "line": 198
            },
            "11": {
                "name": "(anonymous_11)",
                "decl": {
                    "start": {
                        "line": 243,
                        "column": 26
                    },
                    "end": {
                        "line": 243,
                        "column": 27
                    }
                },
                "loc": {
                    "start": {
                        "line": 243,
                        "column": 32
                    },
                    "end": {
                        "line": 249,
                        "column": 13
                    }
                },
                "line": 243
            },
            "12": {
                "name": "logAudit",
                "decl": {
                    "start": {
                        "line": 286,
                        "column": 17
                    },
                    "end": {
                        "line": 286,
                        "column": 25
                    }
                },
                "loc": {
                    "start": {
                        "line": 286,
                        "column": 63
                    },
                    "end": {
                        "line": 300,
                        "column": 3
                    }
                },
                "line": 286
            },
            "13": {
                "name": "mapHeaderFields",
                "decl": {
                    "start": {
                        "line": 301,
                        "column": 11
                    },
                    "end": {
                        "line": 301,
                        "column": 26
                    }
                },
                "loc": {
                    "start": {
                        "line": 301,
                        "column": 41
                    },
                    "end": {
                        "line": 315,
                        "column": 3
                    }
                },
                "line": 301
            },
            "14": {
                "name": "mapLineItems",
                "decl": {
                    "start": {
                        "line": 316,
                        "column": 11
                    },
                    "end": {
                        "line": 316,
                        "column": 23
                    }
                },
                "loc": {
                    "start": {
                        "line": 316,
                        "column": 35
                    },
                    "end": {
                        "line": 326,
                        "column": 3
                    }
                },
                "line": 316
            },
            "15": {
                "name": "(anonymous_15)",
                "decl": {
                    "start": {
                        "line": 317,
                        "column": 25
                    },
                    "end": {
                        "line": 317,
                        "column": 26
                    }
                },
                "loc": {
                    "start": {
                        "line": 317,
                        "column": 38
                    },
                    "end": {
                        "line": 325,
                        "column": 5
                    }
                },
                "line": 317
            }
        },
        "branchMap": {
            "0": {
                "loc": {
                    "start": {
                        "line": 22,
                        "column": 6
                    },
                    "end": {
                        "line": 22,
                        "column": 27
                    }
                },
                "type": "if",
                "locations": [
                    {
                        "start": {
                            "line": 22,
                            "column": 6
                        },
                        "end": {
                            "line": 22,
                            "column": 27
                        }
                    },
                    {
                        "start": {},
                        "end": {}
                    }
                ],
                "line": 22
            },
            "1": {
                "loc": {
                    "start": {
                        "line": 39,
                        "column": 8
                    },
                    "end": {
                        "line": 45,
                        "column": 9
                    }
                },
                "type": "if",
                "locations": [
                    {
                        "start": {
                            "line": 39,
                            "column": 8
                        },
                        "end": {
                            "line": 45,
                            "column": 9
                        }
                    },
                    {
                        "start": {},
                        "end": {}
                    }
                ],
                "line": 39
            },
            "2": {
                "loc": {
                    "start": {
                        "line": 47,
                        "column": 6
                    },
                    "end": {
                        "line": 52,
                        "column": 7
                    }
                },
                "type": "if",
                "locations": [
                    {
                        "start": {
                            "line": 47,
                            "column": 6
                        },
                        "end": {
                            "line": 52,
                            "column": 7
                        }
                    },
                    {
                        "start": {},
                        "end": {}
                    }
                ],
                "line": 47
            },
            "3": {
                "loc": {
                    "start": {
                        "line": 55,
                        "column": 21
                    },
                    "end": {
                        "line": 55,
                        "column": 61
                    }
                },
                "type": "binary-expr",
                "locations": [
                    {
                        "start": {
                            "line": 55,
                            "column": 21
                        },
                        "end": {
                            "line": 55,
                            "column": 37
                        }
                    },
                    {
                        "start": {
                            "line": 55,
                            "column": 41
                        },
                        "end": {
                            "line": 55,
                            "column": 61
                        }
                    }
                ],
                "line": 55
            },
            "4": {
                "loc": {
                    "start": {
                        "line": 63,
                        "column": 4
                    },
                    "end": {
                        "line": 63,
                        "column": 20
                    }
                },
                "type": "if",
                "locations": [
                    {
                        "start": {
                            "line": 63,
                            "column": 4
                        },
                        "end": {
                            "line": 63,
                            "column": 20
                        }
                    },
                    {
                        "start": {},
                        "end": {}
                    }
                ],
                "line": 63
            },
            "5": {
                "loc": {
                    "start": {
                        "line": 71,
                        "column": 6
                    },
                    "end": {
                        "line": 71,
                        "column": 27
                    }
                },
                "type": "if",
                "locations": [
                    {
                        "start": {
                            "line": 71,
                            "column": 6
                        },
                        "end": {
                            "line": 71,
                            "column": 27
                        }
                    },
                    {
                        "start": {},
                        "end": {}
                    }
                ],
                "line": 71
            },
            "6": {
                "loc": {
                    "start": {
                        "line": 78,
                        "column": 8
                    },
                    "end": {
                        "line": 85,
                        "column": 9
                    }
                },
                "type": "if",
                "locations": [
                    {
                        "start": {
                            "line": 78,
                            "column": 8
                        },
                        "end": {
                            "line": 85,
                            "column": 9
                        }
                    },
                    {
                        "start": {},
                        "end": {}
                    }
                ],
                "line": 78
            },
            "7": {
                "loc": {
                    "start": {
                        "line": 88,
                        "column": 6
                    },
                    "end": {
                        "line": 88,
                        "column": 47
                    }
                },
                "type": "if",
                "locations": [
                    {
                        "start": {
                            "line": 88,
                            "column": 6
                        },
                        "end": {
                            "line": 88,
                            "column": 47
                        }
                    },
                    {
                        "start": {},
                        "end": {}
                    }
                ],
                "line": 88
            },
            "8": {
                "loc": {
                    "start": {
                        "line": 100,
                        "column": 6
                    },
                    "end": {
                        "line": 104,
                        "column": 7
                    }
                },
                "type": "if",
                "locations": [
                    {
                        "start": {
                            "line": 100,
                            "column": 6
                        },
                        "end": {
                            "line": 104,
                            "column": 7
                        }
                    },
                    {
                        "start": {},
                        "end": {}
                    }
                ],
                "line": 100
            },
            "9": {
                "loc": {
                    "start": {
                        "line": 105,
                        "column": 6
                    },
                    "end": {
                        "line": 109,
                        "column": 7
                    }
                },
                "type": "if",
                "locations": [
                    {
                        "start": {
                            "line": 105,
                            "column": 6
                        },
                        "end": {
                            "line": 109,
                            "column": 7
                        }
                    },
                    {
                        "start": {},
                        "end": {}
                    }
                ],
                "line": 105
            },
            "10": {
                "loc": {
                    "start": {
                        "line": 116,
                        "column": 6
                    },
                    "end": {
                        "line": 118,
                        "column": 7
                    }
                },
                "type": "if",
                "locations": [
                    {
                        "start": {
                            "line": 116,
                            "column": 6
                        },
                        "end": {
                            "line": 118,
                            "column": 7
                        }
                    },
                    {
                        "start": {},
                        "end": {}
                    }
                ],
                "line": 116
            },
            "11": {
                "loc": {
                    "start": {
                        "line": 116,
                        "column": 10
                    },
                    "end": {
                        "line": 116,
                        "column": 31
                    }
                },
                "type": "binary-expr",
                "locations": [
                    {
                        "start": {
                            "line": 116,
                            "column": 10
                        },
                        "end": {
                            "line": 116,
                            "column": 18
                        }
                    },
                    {
                        "start": {
                            "line": 116,
                            "column": 22
                        },
                        "end": {
                            "line": 116,
                            "column": 31
                        }
                    }
                ],
                "line": 116
            },
            "12": {
                "loc": {
                    "start": {
                        "line": 123,
                        "column": 24
                    },
                    "end": {
                        "line": 123,
                        "column": 39
                    }
                },
                "type": "binary-expr",
                "locations": [
                    {
                        "start": {
                            "line": 123,
                            "column": 24
                        },
                        "end": {
                            "line": 123,
                            "column": 33
                        }
                    },
                    {
                        "start": {
                            "line": 123,
                            "column": 37
                        },
                        "end": {
                            "line": 123,
                            "column": 39
                        }
                    }
                ],
                "line": 123
            },
            "13": {
                "loc": {
                    "start": {
                        "line": 139,
                        "column": 18
                    },
                    "end": {
                        "line": 139,
                        "column": 44
                    }
                },
                "type": "binary-expr",
                "locations": [
                    {
                        "start": {
                            "line": 139,
                            "column": 18
                        },
                        "end": {
                            "line": 139,
                            "column": 26
                        }
                    },
                    {
                        "start": {
                            "line": 139,
                            "column": 30
                        },
                        "end": {
                            "line": 139,
                            "column": 44
                        }
                    }
                ],
                "line": 139
            },
            "14": {
                "loc": {
                    "start": {
                        "line": 166,
                        "column": 6
                    },
                    "end": {
                        "line": 169,
                        "column": 7
                    }
                },
                "type": "if",
                "locations": [
                    {
                        "start": {
                            "line": 166,
                            "column": 6
                        },
                        "end": {
                            "line": 169,
                            "column": 7
                        }
                    },
                    {
                        "start": {},
                        "end": {}
                    }
                ],
                "line": 166
            },
            "15": {
                "loc": {
                    "start": {
                        "line": 191,
                        "column": 4
                    },
                    "end": {
                        "line": 191,
                        "column": 58
                    }
                },
                "type": "if",
                "locations": [
                    {
                        "start": {
                            "line": 191,
                            "column": 4
                        },
                        "end": {
                            "line": 191,
                            "column": 58
                        }
                    },
                    {
                        "start": {},
                        "end": {}
                    }
                ],
                "line": 191
            },
            "16": {
                "loc": {
                    "start": {
                        "line": 192,
                        "column": 4
                    },
                    "end": {
                        "line": 194,
                        "column": 5
                    }
                },
                "type": "if",
                "locations": [
                    {
                        "start": {
                            "line": 192,
                            "column": 4
                        },
                        "end": {
                            "line": 194,
                            "column": 5
                        }
                    },
                    {
                        "start": {},
                        "end": {}
                    }
                ],
                "line": 192
            },
            "17": {
                "loc": {
                    "start": {
                        "line": 214,
                        "column": 8
                    },
                    "end": {
                        "line": 265,
                        "column": 9
                    }
                },
                "type": "if",
                "locations": [
                    {
                        "start": {
                            "line": 214,
                            "column": 8
                        },
                        "end": {
                            "line": 265,
                            "column": 9
                        }
                    },
                    {
                        "start": {},
                        "end": {}
                    }
                ],
                "line": 214
            },
            "18": {
                "loc": {
                    "start": {
                        "line": 218,
                        "column": 10
                    },
                    "end": {
                        "line": 224,
                        "column": 11
                    }
                },
                "type": "if",
                "locations": [
                    {
                        "start": {
                            "line": 218,
                            "column": 10
                        },
                        "end": {
                            "line": 224,
                            "column": 11
                        }
                    },
                    {
                        "start": {},
                        "end": {}
                    }
                ],
                "line": 218
            },
            "19": {
                "loc": {
                    "start": {
                        "line": 267,
                        "column": 8
                    },
                    "end": {
                        "line": 273,
                        "column": 9
                    }
                },
                "type": "if",
                "locations": [
                    {
                        "start": {
                            "line": 267,
                            "column": 8
                        },
                        "end": {
                            "line": 273,
                            "column": 9
                        }
                    },
                    {
                        "start": {},
                        "end": {}
                    }
                ],
                "line": 267
            },
            "20": {
                "loc": {
                    "start": {
                        "line": 291,
                        "column": 21
                    },
                    "end": {
                        "line": 291,
                        "column": 45
                    }
                },
                "type": "binary-expr",
                "locations": [
                    {
                        "start": {
                            "line": 291,
                            "column": 21
                        },
                        "end": {
                            "line": 291,
                            "column": 33
                        }
                    },
                    {
                        "start": {
                            "line": 291,
                            "column": 37
                        },
                        "end": {
                            "line": 291,
                            "column": 45
                        }
                    }
                ],
                "line": 291
            },
            "21": {
                "loc": {
                    "start": {
                        "line": 293,
                        "column": 17
                    },
                    "end": {
                        "line": 295,
                        "column": 38
                    }
                },
                "type": "cond-expr",
                "locations": [
                    {
                        "start": {
                            "line": 294,
                            "column": 12
                        },
                        "end": {
                            "line": 294,
                            "column": 22
                        }
                    },
                    {
                        "start": {
                            "line": 295,
                            "column": 12
                        },
                        "end": {
                            "line": 295,
                            "column": 38
                        }
                    }
                ],
                "line": 293
            },
            "22": {
                "loc": {
                    "start": {
                        "line": 307,
                        "column": 25
                    },
                    "end": {
                        "line": 307,
                        "column": 46
                    }
                },
                "type": "binary-expr",
                "locations": [
                    {
                        "start": {
                            "line": 307,
                            "column": 25
                        },
                        "end": {
                            "line": 307,
                            "column": 41
                        }
                    },
                    {
                        "start": {
                            "line": 307,
                            "column": 45
                        },
                        "end": {
                            "line": 307,
                            "column": 46
                        }
                    }
                ],
                "line": 307
            },
            "23": {
                "loc": {
                    "start": {
                        "line": 310,
                        "column": 25
                    },
                    "end": {
                        "line": 312,
                        "column": 9
                    }
                },
                "type": "cond-expr",
                "locations": [
                    {
                        "start": {
                            "line": 311,
                            "column": 8
                        },
                        "end": {
                            "line": 311,
                            "column": 45
                        }
                    },
                    {
                        "start": {
                            "line": 312,
                            "column": 8
                        },
                        "end": {
                            "line": 312,
                            "column": 9
                        }
                    }
                ],
                "line": 310
            }
        },
        "s": {
            "0": 1,
            "1": 1,
            "2": 1,
            "3": 1,
            "4": 1,
            "5": 1,
            "6": 1,
            "7": 1,
            "8": 0,
            "9": 0,
            "10": 0,
            "11": 1,
            "12": 0,
            "13": 0,
            "14": 0,
            "15": 0,
            "16": 0,
            "17": 0,
            "18": 0,
            "19": 0,
            "20": 0,
            "21": 0,
            "22": 0,
            "23": 0,
            "24": 0,
            "25": 0,
            "26": 0,
            "27": 0,
            "28": 1,
            "29": 0,
            "30": 0,
            "31": 0,
            "32": 0,
            "33": 0,
            "34": 0,
            "35": 1,
            "36": 0,
            "37": 0,
            "38": 0,
            "39": 0,
            "40": 0,
            "41": 0,
            "42": 0,
            "43": 0,
            "44": 0,
            "45": 0,
            "46": 0,
            "47": 0,
            "48": 0,
            "49": 0,
            "50": 0,
            "51": 0,
            "52": 0,
            "53": 0,
            "54": 0,
            "55": 0,
            "56": 1,
            "57": 7,
            "58": 7,
            "59": 7,
            "60": 1,
            "61": 6,
            "62": 6,
            "63": 6,
            "64": 0,
            "65": 6,
            "66": 6,
            "67": 6,
            "68": 6,
            "69": 6,
            "70": 6,
            "71": 6,
            "72": 6,
            "73": 6,
            "74": 1,
            "75": 1,
            "76": 5,
            "77": 5,
            "78": 5,
            "79": 0,
            "80": 0,
            "81": 5,
            "82": 5,
            "83": 5,
            "84": 5,
            "85": 0,
            "86": 0,
            "87": 0,
            "88": 1,
            "89": 6,
            "90": 6,
            "91": 6,
            "92": 1,
            "93": 5,
            "94": 1,
            "95": 4,
            "96": 4,
            "97": 0,
            "98": 0,
            "99": 4,
            "100": 4,
            "101": 4,
            "102": 4,
            "103": 3,
            "104": 3,
            "105": 2,
            "106": 2,
            "107": 1,
            "108": 1,
            "109": 1,
            "110": 1,
            "111": 1,
            "112": 1,
            "113": 1,
            "114": 1,
            "115": 1,
            "116": 1,
            "117": 1,
            "118": 1,
            "119": 1,
            "120": 1,
            "121": 1,
            "122": 1,
            "123": 1,
            "124": 0,
            "125": 0,
            "126": 0,
            "127": 3,
            "128": 3,
            "129": 23,
            "130": 23,
            "131": 0,
            "132": 1,
            "133": 1,
            "134": 1,
            "135": 6,
            "136": 6,
            "137": 1,
            "138": 1,
            "139": 1,
            "140": 1,
            "141": 1,
            "142": 1,
            "143": 1
        },
        "f": {
            "0": 1,
            "1": 0,
            "2": 0,
            "3": 0,
            "4": 0,
            "5": 0,
            "6": 0,
            "7": 7,
            "8": 6,
            "9": 0,
            "10": 0,
            "11": 1,
            "12": 23,
            "13": 1,
            "14": 1,
            "15": 1
        },
        "b": {
            "0": [
                0,
                0
            ],
            "1": [
                0,
                0
            ],
            "2": [
                0,
                0
            ],
            "3": [
                0,
                0
            ],
            "4": [
                0,
                0
            ],
            "5": [
                0,
                0
            ],
            "6": [
                0,
                0
            ],
            "7": [
                0,
                0
            ],
            "8": [
                0,
                0
            ],
            "9": [
                0,
                0
            ],
            "10": [
                1,
                6
            ],
            "11": [
                7,
                6
            ],
            "12": [
                0,
                0
            ],
            "13": [
                6,
                0
            ],
            "14": [
                0,
                5
            ],
            "15": [
                1,
                5
            ],
            "16": [
                1,
                4
            ],
            "17": [
                2,
                1
            ],
            "18": [
                1,
                1
            ],
            "19": [
                1,
                0
            ],
            "20": [
                23,
                0
            ],
            "21": [
                11,
                12
            ],
            "22": [
                6,
                6
            ],
            "23": [
                1,
                0
            ]
        },
        "_coverageSchema": "1a1c01bbd47fc00a2c39e90264f33305004495a9",
        "hash": "c9bd8c9e028a9410c0e777aef008ee9b613f11fd"
    }
}