{"/home/user/projects/DocumentIntelligenceService/srv/DI_service.js": {"path":"/home/user/projects/DocumentIntelligenceService/srv/DI_service.js","statementMap":{"0":{"start":{"line":1,"column":12},"end":{"line":1,"column":31}},"1":{"start":{"line":2,"column":17},"end":{"line":2,"column":54}},"2":{"start":{"line":3,"column":31},"end":{"line":3,"column":63}},"3":{"start":{"line":4,"column":17},"end":{"line":4,"column":37}},"4":{"start":{"line":5,"column":31},"end":{"line":5,"column":68}},"5":{"start":{"line":7,"column":0},"end":{"line":316,"column":3}},"6":{"start":{"line":8,"column":65},"end":{"line":8,"column":78}},"7":{"start":{"line":9,"column":2},"end":{"line":18,"column":5}},"8":{"start":{"line":10,"column":19},"end":{"line":10,"column":27}},"9":{"start":{"line":11,"column":20},"end":{"line":16,"column":7}},"10":{"start":{"line":17,"column":4},"end":{"line":17,"column":27}},"11":{"start":{"line":21,"column":2},"end":{"line":59,"column":5}},"12":{"start":{"line":22,"column":4},"end":{"line":57,"column":5}},"13":{"start":{"line":23,"column":22},"end":{"line":23,"column":34}},"14":{"start":{"line":24,"column":6},"end":{"line":24,"column":27}},"15":{"start":{"line":24,"column":20},"end":{"line":24,"column":27}},"16":{"start":{"line":25,"column":22},"end":{"line":28,"column":7}},"17":{"start":{"line":29,"column":6},"end":{"line":29,"column":26}},"18":{"start":{"line":30,"column":6},"end":{"line":30,"column":26}},"19":{"start":{"line":31,"column":29},"end":{"line":31,"column":31}},"20":{"start":{"line":32,"column":21},"end":{"line":38,"column":7}},"21":{"start":{"line":40,"column":6},"end":{"line":48,"column":9}},"22":{"start":{"line":41,"column":8},"end":{"line":47,"column":9}},"23":{"start":{"line":42,"column":10},"end":{"line":46,"column":13}},"24":{"start":{"line":49,"column":6},"end":{"line":54,"column":7}},"25":{"start":{"line":50,"column":8},"end":{"line":53,"column":11}},"26":{"start":{"line":56,"column":6},"end":{"line":56,"column":49}},"27":{"start":{"line":60,"column":2},"end":{"line":66,"column":5}},"28":{"start":{"line":61,"column":19},"end":{"line":61,"column":27}},"29":{"start":{"line":62,"column":4},"end":{"line":62,"column":20}},"30":{"start":{"line":62,"column":13},"end":{"line":62,"column":20}},"31":{"start":{"line":63,"column":20},"end":{"line":63,"column":66}},"32":{"start":{"line":64,"column":4},"end":{"line":64,"column":37}},"33":{"start":{"line":65,"column":4},"end":{"line":65,"column":27}},"34":{"start":{"line":67,"column":2},"end":{"line":100,"column":5}},"35":{"start":{"line":68,"column":4},"end":{"line":98,"column":5}},"36":{"start":{"line":69,"column":22},"end":{"line":69,"column":34}},"37":{"start":{"line":70,"column":6},"end":{"line":70,"column":27}},"38":{"start":{"line":70,"column":20},"end":{"line":70,"column":27}},"39":{"start":{"line":71,"column":22},"end":{"line":74,"column":7}},"40":{"start":{"line":75,"column":30},"end":{"line":75,"column":32}},"41":{"start":{"line":76,"column":6},"end":{"line":85,"column":9}},"42":{"start":{"line":77,"column":8},"end":{"line":84,"column":9}},"43":{"start":{"line":78,"column":10},"end":{"line":83,"column":13}},"44":{"start":{"line":87,"column":6},"end":{"line":87,"column":47}},"45":{"start":{"line":87,"column":40},"end":{"line":87,"column":47}},"46":{"start":{"line":88,"column":22},"end":{"line":89,"column":42}},"47":{"start":{"line":91,"column":6},"end":{"line":94,"column":9}},"48":{"start":{"line":97,"column":6},"end":{"line":97,"column":50}},"49":{"start":{"line":101,"column":2},"end":{"line":174,"column":5}},"50":{"start":{"line":102,"column":4},"end":{"line":173,"column":5}},"51":{"start":{"line":103,"column":36},"end":{"line":103,"column":44}},"52":{"start":{"line":104,"column":6},"end":{"line":106,"column":7}},"53":{"start":{"line":105,"column":7},"end":{"line":105,"column":65}},"54":{"start":{"line":107,"column":21},"end":{"line":107,"column":51}},"55":{"start":{"line":109,"column":6},"end":{"line":115,"column":7}},"56":{"start":{"line":110,"column":21},"end":{"line":110,"column":43}},"57":{"start":{"line":111,"column":8},"end":{"line":111,"column":40}},"58":{"start":{"line":113,"column":8},"end":{"line":113,"column":67}},"59":{"start":{"line":114,"column":8},"end":{"line":114,"column":70}},"60":{"start":{"line":116,"column":17},"end":{"line":116,"column":33}},"61":{"start":{"line":117,"column":6},"end":{"line":124,"column":9}},"62":{"start":{"line":125,"column":19},"end":{"line":125,"column":33}},"63":{"start":{"line":126,"column":6},"end":{"line":129,"column":9}},"64":{"start":{"line":131,"column":6},"end":{"line":134,"column":10}},"65":{"start":{"line":137,"column":6},"end":{"line":150,"column":7}},"66":{"start":{"line":138,"column":8},"end":{"line":146,"column":10}},"67":{"start":{"line":148,"column":8},"end":{"line":148,"column":62}},"68":{"start":{"line":149,"column":8},"end":{"line":149,"column":59}},"69":{"start":{"line":151,"column":6},"end":{"line":151,"column":61}},"70":{"start":{"line":152,"column":20},"end":{"line":152,"column":44}},"71":{"start":{"line":154,"column":6},"end":{"line":157,"column":7}},"72":{"start":{"line":155,"column":8},"end":{"line":155,"column":62}},"73":{"start":{"line":156,"column":8},"end":{"line":156,"column":67}},"74":{"start":{"line":158,"column":6},"end":{"line":158,"column":41}},"75":{"start":{"line":159,"column":6},"end":{"line":161,"column":23}},"76":{"start":{"line":162,"column":6},"end":{"line":165,"column":9}},"77":{"start":{"line":166,"column":6},"end":{"line":166,"column":60}},"78":{"start":{"line":168,"column":6},"end":{"line":170,"column":23}},"79":{"start":{"line":171,"column":6},"end":{"line":171,"column":60}},"80":{"start":{"line":172,"column":6},"end":{"line":172,"column":54}},"81":{"start":{"line":176,"column":2},"end":{"line":273,"column":5}},"82":{"start":{"line":177,"column":27},"end":{"line":177,"column":35}},"83":{"start":{"line":178,"column":16},"end":{"line":178,"column":74}},"84":{"start":{"line":179,"column":4},"end":{"line":179,"column":58}},"85":{"start":{"line":179,"column":14},"end":{"line":179,"column":58}},"86":{"start":{"line":180,"column":4},"end":{"line":182,"column":5}},"87":{"start":{"line":181,"column":6},"end":{"line":181,"column":64}},"88":{"start":{"line":183,"column":4},"end":{"line":185,"column":7}},"89":{"start":{"line":186,"column":18},"end":{"line":186,"column":65}},"90":{"start":{"line":186,"column":26},"end":{"line":186,"column":65}},"91":{"start":{"line":186,"column":45},"end":{"line":186,"column":64}},"92":{"start":{"line":187,"column":4},"end":{"line":271,"column":5}},"93":{"start":{"line":188,"column":6},"end":{"line":264,"column":7}},"94":{"start":{"line":188,"column":19},"end":{"line":188,"column":20}},"95":{"start":{"line":190,"column":20},"end":{"line":193,"column":9}},"96":{"start":{"line":195,"column":23},"end":{"line":195,"column":31}},"97":{"start":{"line":202,"column":8},"end":{"line":253,"column":9}},"98":{"start":{"line":204,"column":29},"end":{"line":204,"column":46}},"99":{"start":{"line":206,"column":10},"end":{"line":212,"column":11}},"100":{"start":{"line":207,"column":12},"end":{"line":209,"column":41}},"101":{"start":{"line":210,"column":12},"end":{"line":210,"column":76}},"102":{"start":{"line":211,"column":12},"end":{"line":211,"column":57}},"103":{"start":{"line":214,"column":25},"end":{"line":214,"column":65}},"104":{"start":{"line":215,"column":28},"end":{"line":215,"column":62}},"105":{"start":{"line":217,"column":28},"end":{"line":217,"column":44}},"106":{"start":{"line":219,"column":10},"end":{"line":228,"column":13}},"107":{"start":{"line":230,"column":10},"end":{"line":238,"column":12}},"108":{"start":{"line":231,"column":32},"end":{"line":237,"column":13}},"109":{"start":{"line":239,"column":10},"end":{"line":242,"column":13}},"110":{"start":{"line":243,"column":10},"end":{"line":245,"column":39}},"111":{"start":{"line":247,"column":10},"end":{"line":250,"column":13}},"112":{"start":{"line":252,"column":10},"end":{"line":252,"column":17}},"113":{"start":{"line":255,"column":8},"end":{"line":261,"column":9}},"114":{"start":{"line":256,"column":10},"end":{"line":258,"column":39}},"115":{"start":{"line":259,"column":10},"end":{"line":259,"column":68}},"116":{"start":{"line":260,"column":10},"end":{"line":260,"column":38}},"117":{"start":{"line":263,"column":8},"end":{"line":263,"column":26}},"118":{"start":{"line":266,"column":6},"end":{"line":266,"column":61}},"119":{"start":{"line":267,"column":6},"end":{"line":267,"column":45}},"120":{"start":{"line":269,"column":6},"end":{"line":269,"column":70}},"121":{"start":{"line":270,"column":6},"end":{"line":270,"column":43}},"122":{"start":{"line":275,"column":4},"end":{"line":287,"column":5}},"123":{"start":{"line":276,"column":6},"end":{"line":284,"column":9}},"124":{"start":{"line":286,"column":6},"end":{"line":286,"column":46}},"125":{"start":{"line":290,"column":16},"end":{"line":290,"column":18}},"126":{"start":{"line":291,"column":26},"end":{"line":291,"column":27}},"127":{"start":{"line":293,"column":4},"end":{"line":296,"column":5}},"128":{"start":{"line":294,"column":6},"end":{"line":294,"column":36}},"129":{"start":{"line":295,"column":6},"end":{"line":295,"column":47}},"130":{"start":{"line":298,"column":4},"end":{"line":300,"column":10}},"131":{"start":{"line":302,"column":4},"end":{"line":302,"column":15}},"132":{"start":{"line":305,"column":4},"end":{"line":313,"column":7}},"133":{"start":{"line":306,"column":18},"end":{"line":306,"column":20}},"134":{"start":{"line":308,"column":6},"end":{"line":310,"column":7}},"135":{"start":{"line":309,"column":8},"end":{"line":309,"column":38}},"136":{"start":{"line":312,"column":6},"end":{"line":312,"column":17}}},"fnMap":{"0":{"name":"(anonymous_0)","decl":{"start":{"line":7,"column":34},"end":{"line":7,"column":35}},"loc":{"start":{"line":7,"column":46},"end":{"line":316,"column":1}},"line":7},"1":{"name":"(anonymous_1)","decl":{"start":{"line":9,"column":45},"end":{"line":9,"column":46}},"loc":{"start":{"line":9,"column":60},"end":{"line":18,"column":3}},"line":9},"2":{"name":"(anonymous_2)","decl":{"start":{"line":21,"column":44},"end":{"line":21,"column":45}},"loc":{"start":{"line":21,"column":65},"end":{"line":59,"column":3}},"line":21},"3":{"name":"(anonymous_3)","decl":{"start":{"line":40,"column":21},"end":{"line":40,"column":22}},"loc":{"start":{"line":40,"column":30},"end":{"line":48,"column":7}},"line":40},"4":{"name":"(anonymous_4)","decl":{"start":{"line":60,"column":37},"end":{"line":60,"column":38}},"loc":{"start":{"line":60,"column":52},"end":{"line":66,"column":3}},"line":60},"5":{"name":"(anonymous_5)","decl":{"start":{"line":67,"column":36},"end":{"line":67,"column":37}},"loc":{"start":{"line":67,"column":57},"end":{"line":100,"column":3}},"line":67},"6":{"name":"(anonymous_6)","decl":{"start":{"line":76,"column":68},"end":{"line":76,"column":69}},"loc":{"start":{"line":76,"column":77},"end":{"line":85,"column":7}},"line":76},"7":{"name":"(anonymous_7)","decl":{"start":{"line":101,"column":28},"end":{"line":101,"column":29}},"loc":{"start":{"line":101,"column":43},"end":{"line":174,"column":3}},"line":101},"8":{"name":"(anonymous_8)","decl":{"start":{"line":176,"column":29},"end":{"line":176,"column":30}},"loc":{"start":{"line":176,"column":44},"end":{"line":273,"column":3}},"line":176},"9":{"name":"(anonymous_9)","decl":{"start":{"line":186,"column":18},"end":{"line":186,"column":19}},"loc":{"start":{"line":186,"column":26},"end":{"line":186,"column":65}},"line":186},"10":{"name":"(anonymous_10)","decl":{"start":{"line":186,"column":38},"end":{"line":186,"column":39}},"loc":{"start":{"line":186,"column":45},"end":{"line":186,"column":64}},"line":186},"11":{"name":"(anonymous_11)","decl":{"start":{"line":231,"column":26},"end":{"line":231,"column":27}},"loc":{"start":{"line":231,"column":32},"end":{"line":237,"column":13}},"line":231},"12":{"name":"logAudit","decl":{"start":{"line":274,"column":17},"end":{"line":274,"column":25}},"loc":{"start":{"line":274,"column":63},"end":{"line":288,"column":3}},"line":274},"13":{"name":"mapHeaderFields","decl":{"start":{"line":289,"column":11},"end":{"line":289,"column":26}},"loc":{"start":{"line":289,"column":41},"end":{"line":303,"column":3}},"line":289},"14":{"name":"mapLineItems","decl":{"start":{"line":304,"column":11},"end":{"line":304,"column":23}},"loc":{"start":{"line":304,"column":35},"end":{"line":314,"column":3}},"line":304},"15":{"name":"(anonymous_15)","decl":{"start":{"line":305,"column":25},"end":{"line":305,"column":26}},"loc":{"start":{"line":305,"column":38},"end":{"line":313,"column":5}},"line":305}},"branchMap":{"0":{"loc":{"start":{"line":24,"column":6},"end":{"line":24,"column":27}},"type":"if","locations":[{"start":{"line":24,"column":6},"end":{"line":24,"column":27}},{"start":{},"end":{}}],"line":24},"1":{"loc":{"start":{"line":41,"column":8},"end":{"line":47,"column":9}},"type":"if","locations":[{"start":{"line":41,"column":8},"end":{"line":47,"column":9}},{"start":{},"end":{}}],"line":41},"2":{"loc":{"start":{"line":49,"column":6},"end":{"line":54,"column":7}},"type":"if","locations":[{"start":{"line":49,"column":6},"end":{"line":54,"column":7}},{"start":{},"end":{}}],"line":49},"3":{"loc":{"start":{"line":62,"column":4},"end":{"line":62,"column":20}},"type":"if","locations":[{"start":{"line":62,"column":4},"end":{"line":62,"column":20}},{"start":{},"end":{}}],"line":62},"4":{"loc":{"start":{"line":70,"column":6},"end":{"line":70,"column":27}},"type":"if","locations":[{"start":{"line":70,"column":6},"end":{"line":70,"column":27}},{"start":{},"end":{}}],"line":70},"5":{"loc":{"start":{"line":77,"column":8},"end":{"line":84,"column":9}},"type":"if","locations":[{"start":{"line":77,"column":8},"end":{"line":84,"column":9}},{"start":{},"end":{}}],"line":77},"6":{"loc":{"start":{"line":87,"column":6},"end":{"line":87,"column":47}},"type":"if","locations":[{"start":{"line":87,"column":6},"end":{"line":87,"column":47}},{"start":{},"end":{}}],"line":87},"7":{"loc":{"start":{"line":104,"column":6},"end":{"line":106,"column":7}},"type":"if","locations":[{"start":{"line":104,"column":6},"end":{"line":106,"column":7}},{"start":{},"end":{}}],"line":104},"8":{"loc":{"start":{"line":104,"column":10},"end":{"line":104,"column":31}},"type":"binary-expr","locations":[{"start":{"line":104,"column":10},"end":{"line":104,"column":18}},{"start":{"line":104,"column":22},"end":{"line":104,"column":31}}],"line":104},"9":{"loc":{"start":{"line":111,"column":24},"end":{"line":111,"column":39}},"type":"binary-expr","locations":[{"start":{"line":111,"column":24},"end":{"line":111,"column":33}},{"start":{"line":111,"column":37},"end":{"line":111,"column":39}}],"line":111},"10":{"loc":{"start":{"line":127,"column":18},"end":{"line":127,"column":44}},"type":"binary-expr","locations":[{"start":{"line":127,"column":18},"end":{"line":127,"column":26}},{"start":{"line":127,"column":30},"end":{"line":127,"column":44}}],"line":127},"11":{"loc":{"start":{"line":154,"column":6},"end":{"line":157,"column":7}},"type":"if","locations":[{"start":{"line":154,"column":6},"end":{"line":157,"column":7}},{"start":{},"end":{}}],"line":154},"12":{"loc":{"start":{"line":179,"column":4},"end":{"line":179,"column":58}},"type":"if","locations":[{"start":{"line":179,"column":4},"end":{"line":179,"column":58}},{"start":{},"end":{}}],"line":179},"13":{"loc":{"start":{"line":180,"column":4},"end":{"line":182,"column":5}},"type":"if","locations":[{"start":{"line":180,"column":4},"end":{"line":182,"column":5}},{"start":{},"end":{}}],"line":180},"14":{"loc":{"start":{"line":202,"column":8},"end":{"line":253,"column":9}},"type":"if","locations":[{"start":{"line":202,"column":8},"end":{"line":253,"column":9}},{"start":{},"end":{}}],"line":202},"15":{"loc":{"start":{"line":206,"column":10},"end":{"line":212,"column":11}},"type":"if","locations":[{"start":{"line":206,"column":10},"end":{"line":212,"column":11}},{"start":{},"end":{}}],"line":206},"16":{"loc":{"start":{"line":255,"column":8},"end":{"line":261,"column":9}},"type":"if","locations":[{"start":{"line":255,"column":8},"end":{"line":261,"column":9}},{"start":{},"end":{}}],"line":255},"17":{"loc":{"start":{"line":279,"column":21},"end":{"line":279,"column":45}},"type":"binary-expr","locations":[{"start":{"line":279,"column":21},"end":{"line":279,"column":33}},{"start":{"line":279,"column":37},"end":{"line":279,"column":45}}],"line":279},"18":{"loc":{"start":{"line":281,"column":17},"end":{"line":283,"column":38}},"type":"cond-expr","locations":[{"start":{"line":282,"column":12},"end":{"line":282,"column":22}},{"start":{"line":283,"column":12},"end":{"line":283,"column":38}}],"line":281},"19":{"loc":{"start":{"line":295,"column":25},"end":{"line":295,"column":46}},"type":"binary-expr","locations":[{"start":{"line":295,"column":25},"end":{"line":295,"column":41}},{"start":{"line":295,"column":45},"end":{"line":295,"column":46}}],"line":295},"20":{"loc":{"start":{"line":298,"column":25},"end":{"line":300,"column":9}},"type":"cond-expr","locations":[{"start":{"line":299,"column":8},"end":{"line":299,"column":45}},{"start":{"line":300,"column":8},"end":{"line":300,"column":9}}],"line":298}},"s":{"0":1,"1":1,"2":1,"3":1,"4":1,"5":1,"6":1,"7":1,"8":0,"9":0,"10":0,"11":1,"12":0,"13":0,"14":0,"15":0,"16":0,"17":0,"18":0,"19":0,"20":0,"21":0,"22":0,"23":0,"24":0,"25":0,"26":0,"27":1,"28":0,"29":0,"30":0,"31":0,"32":0,"33":0,"34":1,"35":0,"36":0,"37":0,"38":0,"39":0,"40":0,"41":0,"42":0,"43":0,"44":0,"45":0,"46":0,"47":0,"48":0,"49":1,"50":5,"51":5,"52":5,"53":1,"54":4,"55":4,"56":4,"57":0,"58":4,"59":4,"60":4,"61":4,"62":4,"63":4,"64":4,"65":4,"66":4,"67":1,"68":1,"69":3,"70":3,"71":3,"72":0,"73":0,"74":3,"75":3,"76":3,"77":3,"78":0,"79":0,"80":0,"81":1,"82":4,"83":4,"84":4,"85":1,"86":3,"87":1,"88":2,"89":2,"90":0,"91":0,"92":2,"93":2,"94":2,"95":2,"96":2,"97":2,"98":2,"99":2,"100":1,"101":1,"102":1,"103":1,"104":1,"105":1,"106":1,"107":1,"108":1,"109":1,"110":1,"111":1,"112":1,"113":0,"114":0,"115":0,"116":0,"117":0,"118":0,"119":0,"120":0,"121":0,"122":13,"123":13,"124":0,"125":1,"126":1,"127":1,"128":6,"129":6,"130":1,"131":1,"132":1,"133":1,"134":1,"135":1,"136":1},"f":{"0":1,"1":0,"2":0,"3":0,"4":0,"5":0,"6":0,"7":5,"8":4,"9":0,"10":0,"11":1,"12":13,"13":1,"14":1,"15":1},"b":{"0":[0,0],"1":[0,0],"2":[0,0],"3":[0,0],"4":[0,0],"5":[0,0],"6":[0,0],"7":[1,4],"8":[5,4],"9":[0,0],"10":[4,0],"11":[0,3],"12":[1,3],"13":[1,2],"14":[2,0],"15":[1,1],"16":[0,0],"17":[13,0],"18":[6,7],"19":[6,6],"20":[1,0]},"_coverageSchema":"1a1c01bbd47fc00a2c39e90264f33305004495a9","hash":"1fc425d9dab1465bd3cdf2fe9c316191b6a046f3"}
}
