TN:
SF:srv/DI_service.js
FN:7,(anonymous_0)
FN:9,(anonymous_1)
FN:21,(anonymous_2)
FN:40,(anonymous_3)
FN:60,(anonymous_4)
FN:67,(anonymous_5)
FN:76,(anonymous_6)
FN:101,(anonymous_7)
FN:176,(anonymous_8)
FN:186,(anonymous_9)
FN:186,(anonymous_10)
FN:231,(anonymous_11)
FN:274,logAudit
FN:289,mapHeaderFields
FN:304,mapLineItems
FN:305,(anonymous_15)
FNF:16
FNH:8
FNDA:1,(anonymous_0)
FNDA:0,(anonymous_1)
FNDA:0,(anonymous_2)
FNDA:0,(anonymous_3)
FNDA:0,(anonymous_4)
FNDA:0,(anonymous_5)
FNDA:0,(anonymous_6)
FNDA:5,(anonymous_7)
FNDA:4,(anonymous_8)
FNDA:0,(anonymous_9)
FNDA:0,(anonymous_10)
FNDA:1,(anonymous_11)
FNDA:13,logAudit
FNDA:1,mapHeaderFields
FNDA:1,mapLineItems
FNDA:1,(anonymous_15)
DA:1,1
DA:2,1
DA:3,1
DA:4,1
DA:5,1
DA:7,1
DA:8,1
DA:9,1
DA:10,0
DA:11,0
DA:17,0
DA:21,1
DA:22,0
DA:23,0
DA:24,0
DA:25,0
DA:29,0
DA:30,0
DA:31,0
DA:32,0
DA:40,0
DA:41,0
DA:42,0
DA:49,0
DA:50,0
DA:56,0
DA:60,1
DA:61,0
DA:62,0
DA:63,0
DA:64,0
DA:65,0
DA:67,1
DA:68,0
DA:69,0
DA:70,0
DA:71,0
DA:75,0
DA:76,0
DA:77,0
DA:78,0
DA:87,0
DA:88,0
DA:91,0
DA:97,0
DA:101,1
DA:102,5
DA:103,5
DA:104,5
DA:105,1
DA:107,4
DA:109,4
DA:110,4
DA:111,0
DA:113,4
DA:114,4
DA:116,4
DA:117,4
DA:125,4
DA:126,4
DA:131,4
DA:137,4
DA:138,4
DA:148,1
DA:149,1
DA:151,3
DA:152,3
DA:154,3
DA:155,0
DA:156,0
DA:158,3
DA:159,3
DA:162,3
DA:166,3
DA:168,0
DA:171,0
DA:172,0
DA:176,1
DA:177,4
DA:178,4
DA:179,4
DA:180,3
DA:181,1
DA:183,2
DA:186,2
DA:187,2
DA:188,2
DA:190,2
DA:195,2
DA:202,2
DA:204,2
DA:206,2
DA:207,1
DA:210,1
DA:211,1
DA:214,1
DA:215,1
DA:217,1
DA:219,1
DA:230,1
DA:231,1
DA:239,1
DA:243,1
DA:247,1
DA:252,1
DA:255,0
DA:256,0
DA:259,0
DA:260,0
DA:263,0
DA:266,0
DA:267,0
DA:269,0
DA:270,0
DA:275,13
DA:276,13
DA:286,0
DA:290,1
DA:291,1
DA:293,1
DA:294,6
DA:295,6
DA:298,1
DA:302,1
DA:305,1
DA:306,1
DA:308,1
DA:309,1
DA:312,1
LF:129
LH:79
BRDA:24,0,0,0
BRDA:24,0,1,0
BRDA:41,1,0,0
BRDA:41,1,1,0
BRDA:49,2,0,0
BRDA:49,2,1,0
BRDA:62,3,0,0
BRDA:62,3,1,0
BRDA:70,4,0,0
BRDA:70,4,1,0
BRDA:77,5,0,0
BRDA:77,5,1,0
BRDA:87,6,0,0
BRDA:87,6,1,0
BRDA:104,7,0,1
BRDA:104,7,1,4
BRDA:104,8,0,5
BRDA:104,8,1,4
BRDA:111,9,0,0
BRDA:111,9,1,0
BRDA:127,10,0,4
BRDA:127,10,1,0
BRDA:154,11,0,0
BRDA:154,11,1,3
BRDA:179,12,0,1
BRDA:179,12,1,3
BRDA:180,13,0,1
BRDA:180,13,1,2
BRDA:202,14,0,2
BRDA:202,14,1,0
BRDA:206,15,0,1
BRDA:206,15,1,1
BRDA:255,16,0,0
BRDA:255,16,1,0
BRDA:279,17,0,13
BRDA:279,17,1,0
BRDA:281,18,0,6
BRDA:281,18,1,7
BRDA:295,19,0,6
BRDA:295,19,1,6
BRDA:298,20,0,1
BRDA:298,20,1,0
BRF:42
BRH:19
end_of_record
