TN:
SF:srv/DI_service.js
FN:7,(anonymous_0)
FN:9,(anonymous_1)
FN:19,(anonymous_2)
FN:38,(anonymous_3)
FN:61,(anonymous_4)
FN:68,(anonymous_5)
FN:77,(anonymous_6)
FN:113,(anonymous_7)
FN:188,(anonymous_8)
FN:198,(anonymous_9)
FN:198,(anonymous_10)
FN:243,(anonymous_11)
FN:286,logAudit
FN:301,mapHeaderFields
FN:316,mapLineItems
FN:317,(anonymous_15)
FNF:16
FNH:8
FNDA:1,(anonymous_0)
FNDA:0,(anonymous_1)
FNDA:0,(anonymous_2)
FNDA:0,(anonymous_3)
FNDA:0,(anonymous_4)
FNDA:0,(anonymous_5)
FNDA:0,(anonymous_6)
FNDA:7,(anonymous_7)
FNDA:6,(anonymous_8)
FNDA:0,(anonymous_9)
FNDA:0,(anonymous_10)
FNDA:1,(anonymous_11)
FNDA:23,logAudit
FNDA:1,mapHeaderFields
FNDA:1,mapLineItems
FNDA:1,(anonymous_15)
DA:1,1
DA:2,1
DA:3,1
DA:4,1
DA:5,1
DA:7,1
DA:8,1
DA:9,1
DA:10,0
DA:11,0
DA:17,0
DA:19,1
DA:20,0
DA:21,0
DA:22,0
DA:23,0
DA:27,0
DA:28,0
DA:29,0
DA:30,0
DA:38,0
DA:39,0
DA:40,0
DA:47,0
DA:48,0
DA:54,0
DA:55,0
DA:61,1
DA:62,0
DA:63,0
DA:64,0
DA:65,0
DA:66,0
DA:68,1
DA:69,0
DA:70,0
DA:71,0
DA:72,0
DA:76,0
DA:77,0
DA:78,0
DA:79,0
DA:88,0
DA:89,0
DA:92,0
DA:98,0
DA:99,0
DA:100,0
DA:101,0
DA:103,0
DA:105,0
DA:106,0
DA:113,1
DA:114,7
DA:115,7
DA:116,7
DA:117,1
DA:119,6
DA:121,6
DA:122,6
DA:123,0
DA:125,6
DA:126,6
DA:128,6
DA:129,6
DA:137,6
DA:138,6
DA:143,6
DA:149,6
DA:150,6
DA:160,1
DA:161,1
DA:163,5
DA:164,5
DA:166,5
DA:167,0
DA:168,0
DA:170,5
DA:171,5
DA:174,5
DA:178,5
DA:180,0
DA:183,0
DA:184,0
DA:188,1
DA:189,6
DA:190,6
DA:191,6
DA:192,5
DA:193,1
DA:195,4
DA:198,4
DA:199,4
DA:200,4
DA:202,4
DA:207,3
DA:214,3
DA:216,2
DA:218,2
DA:219,1
DA:222,1
DA:223,1
DA:226,1
DA:227,1
DA:229,1
DA:231,1
DA:242,1
DA:243,1
DA:251,1
DA:255,1
DA:259,1
DA:264,1
DA:267,1
DA:268,1
DA:271,1
DA:272,1
DA:275,0
DA:278,0
DA:279,0
DA:281,3
DA:282,3
DA:287,23
DA:288,23
DA:298,0
DA:302,1
DA:303,1
DA:305,1
DA:306,6
DA:307,6
DA:310,1
DA:314,1
DA:317,1
DA:318,1
DA:320,1
DA:321,1
DA:324,1
LF:136
LH:85
BRDA:22,0,0,0
BRDA:22,0,1,0
BRDA:39,1,0,0
BRDA:39,1,1,0
BRDA:47,2,0,0
BRDA:47,2,1,0
BRDA:55,3,0,0
BRDA:55,3,1,0
BRDA:63,4,0,0
BRDA:63,4,1,0
BRDA:71,5,0,0
BRDA:71,5,1,0
BRDA:78,6,0,0
BRDA:78,6,1,0
BRDA:88,7,0,0
BRDA:88,7,1,0
BRDA:100,8,0,0
BRDA:100,8,1,0
BRDA:105,9,0,0
BRDA:105,9,1,0
BRDA:116,10,0,1
BRDA:116,10,1,6
BRDA:116,11,0,7
BRDA:116,11,1,6
BRDA:123,12,0,0
BRDA:123,12,1,0
BRDA:139,13,0,6
BRDA:139,13,1,0
BRDA:166,14,0,0
BRDA:166,14,1,5
BRDA:191,15,0,1
BRDA:191,15,1,5
BRDA:192,16,0,1
BRDA:192,16,1,4
BRDA:214,17,0,2
BRDA:214,17,1,1
BRDA:218,18,0,1
BRDA:218,18,1,1
BRDA:267,19,0,1
BRDA:267,19,1,0
BRDA:291,20,0,23
BRDA:291,20,1,0
BRDA:293,21,0,11
BRDA:293,21,1,12
BRDA:307,22,0,6
BRDA:307,22,1,6
BRDA:310,23,0,1
BRDA:310,23,1,0
BRF:48
BRH:21
end_of_record
